SF:lib/src/base_shared_preferences.dart
DA:8,0
DA:9,0
DA:10,0
DA:15,0
DA:16,0
DA:22,0
DA:23,0
DA:27,0
DA:28,0
DA:44,0
DA:45,0
DA:48,0
DA:50,0
LF:13
LH:0
end_of_record
SF:lib/src/preferences.dart
DA:18,1
DA:21,3
DA:24,1
DA:25,1
DA:26,1
DA:34,1
DA:35,0
DA:38,0
DA:43,1
DA:47,1
DA:48,3
DA:50,1
DA:51,1
DA:52,1
DA:53,1
DA:54,1
DA:55,1
DA:56,1
DA:57,1
DA:59,1
DA:65,1
DA:66,1
DA:67,3
DA:69,1
DA:70,1
DA:74,1
DA:75,1
DA:77,3
DA:78,1
DA:82,1
DA:84,2
DA:85,1
DA:87,0
DA:88,0
DA:90,2
DA:91,3
DA:98,1
DA:99,1
DA:103,0
DA:104,0
LF:40
LH:34
end_of_record
SF:lib/src/_production_prefs.dart
DA:5,0
DA:7,0
DA:12,0
DA:13,0
DA:14,0
DA:19,0
DA:21,0
DA:25,0
DA:27,0
DA:31,0
DA:33,0
DA:37,0
DA:39,0
DA:45,0
DA:47,0
DA:51,0
DA:53,0
DA:57,0
DA:59,0
DA:66,0
DA:68,0
LF:21
LH:0
end_of_record
SF:lib/src/_logger.dart
DA:3,3
LF:1
LH:1
end_of_record
